-------------------------------------------------------------------------------
Test set: TestSuite
-------------------------------------------------------------------------------
Tests run: 10, Failures: 10, Errors: 0, Skipped: 0, Time elapsed: 64.47 s <<< FAILURE! - in TestSuite
com.testing.TestRunner.AdminLogin  Time elapsed: 0.122 s  <<< FAILURE!
java.lang.NullPointerException
	at com.testing.TestRunner.AdminLogin(TestRunner.java:64)

com.testing.TestRunner.NewUserApproval  Time elapsed: 0.015 s  <<< FAILURE!
java.lang.NullPointerException
	at com.testing.TestRunner.NewUserApproval(TestRunner.java:73)

com.testing.TestRunner.CreateAdmin  Time elapsed: 0.007 s  <<< FAILURE!
java.lang.NullPointerException
	at com.testing.TestRunner.CreateAdmin(TestRunner.java:82)

com.testing.TestRunner.CreateStaff  Time elapsed: 0.008 s  <<< FAILURE!
java.lang.NullPointerException
	at com.testing.TestRunner.CreateStaff(TestRunner.java:91)

com.testing.TestRunner.CreateTag  Time elapsed: 0.006 s  <<< FAILURE!
java.lang.NullPointerException
	at com.testing.TestRunner.CreateTag(TestRunner.java:99)

com.testing.TestRunner.CreateSlot  Time elapsed: 0.008 s  <<< FAILURE!
java.lang.NullPointerException
	at com.testing.TestRunner.CreateSlot(TestRunner.java:107)

com.testing.TestRunner.ServiceCreation  Time elapsed: 5.809 s  <<< FAILURE!
java.lang.NullPointerException
	at com.testing.TestRunner.ServiceCreation(TestRunner.java:117)

com.testing.TestRunner.Logout_Admin  Time elapsed: 0.003 s  <<< FAILURE!
java.lang.NullPointerException
	at com.testing.TestRunner.Logout_Admin(TestRunner.java:124)

com.testing.TestRunner.Login_PredefinedCustomer  Time elapsed: 0.007 s  <<< FAILURE!
java.lang.NullPointerException
	at com.testing.TestRunner.Login_PredefinedCustomer(TestRunner.java:130)

com.testing.TestRunner.BookingFlowCustomer  Time elapsed: 28.779 s  <<< FAILURE!
java.lang.NullPointerException
	at com.testing.TestRunner.BookingFlowCustomer(TestRunner.java:138)

