<?xml version="1.0" encoding="UTF-8"?>
<testng-results ignored="0" total="1" passed="1" failed="0" skipped="0">
  <reporter-output>
  </reporter-output>
  <suite started-at="2024-11-21T11:47:12 IST" name="Default suite" finished-at="2024-11-21T11:47:40 IST" duration-ms="28205">
    <groups>
    </groups>
    <test started-at="2024-11-21T11:47:12 IST" name="Default test" finished-at="2024-11-21T11:47:40 IST" duration-ms="28205">
      <class name="com.automation.testscripts.LoginTest">
        <test-method is-config="true" signature="setUp()[pri:0, instance:com.automation.testscripts.LoginTest@4c1f22f3]" started-at="2024-11-21T11:47:12 IST" name="setUp" finished-at="2024-11-21T11:47:26 IST" duration-ms="13944" status="PASS">
          <reporter-output>
          </reporter-output>
        </test-method> <!-- setUp -->
        <test-method signature="login_Admin()[pri:0, instance:com.automation.testscripts.LoginTest@4c1f22f3]" started-at="2024-11-21T11:47:26 IST" name="login_Admin" finished-at="2024-11-21T11:47:40 IST" duration-ms="14012" status="PASS">
          <reporter-output>
          </reporter-output>
        </test-method> <!-- login_Admin -->
      </class> <!-- com.automation.testscripts.LoginTest -->
    </test> <!-- Default test -->
  </suite> <!-- Default suite -->
</testng-results>
