<?xml version="1.0" encoding="UTF-8"?>
<testng-results ignored="0" total="1" passed="1" failed="0" skipped="0">
  <reporter-output>
  </reporter-output>
  <suite started-at="2024-11-21T11:48:24 IST" name="Surefire suite" finished-at="2024-11-21T11:48:47 IST" duration-ms="22763">
    <groups>
    </groups>
    <test started-at="2024-11-21T11:48:24 IST" name="Surefire test" finished-at="2024-11-21T11:48:47 IST" duration-ms="22763">
      <class name="com.automation.testscripts.LoginTest">
        <test-method is-config="true" signature="setUp()[pri:0, instance:com.automation.testscripts.LoginTest@57c03d88]" started-at="2024-11-21T11:48:24 IST" name="setUp" finished-at="2024-11-21T11:48:32 IST" duration-ms="8266" status="PASS">
          <reporter-output>
          </reporter-output>
        </test-method> <!-- setUp -->
        <test-method signature="login_Admin()[pri:0, instance:com.automation.testscripts.LoginTest@57c03d88]" started-at="2024-11-21T11:48:33 IST" name="login_Admin" finished-at="2024-11-21T11:48:47 IST" duration-ms="14243" status="PASS">
          <reporter-output>
          </reporter-output>
        </test-method> <!-- login_Admin -->
      </class> <!-- com.automation.testscripts.LoginTest -->
    </test> <!-- Surefire test -->
  </suite> <!-- Surefire suite -->
</testng-results>
