<?xml version="1.0" encoding="UTF-8"?>
<testng-results ignored="0" total="12" passed="10" failed="2" skipped="0">
  <reporter-output>
  </reporter-output>
  <suite started-at="2024-11-11T12:20:28 IST" name="Default suite" finished-at="2024-11-11T12:33:01 IST" duration-ms="752809">
    <groups>
    </groups>
    <test started-at="2024-11-11T12:20:28 IST" name="Default test" finished-at="2024-11-11T12:33:01 IST" duration-ms="752809">
      <class name="com.testing.TestRunner">
        <test-method is-config="true" signature="load_Properties()[pri:0, instance:com.testing.TestRunner@388526fb]" started-at="2024-11-11T12:20:28 IST" name="load_Properties" finished-at="2024-11-11T12:20:28 IST" duration-ms="21" status="PASS">
          <reporter-output>
          </reporter-output>
        </test-method> <!-- load_Properties -->
        <test-method is-config="true" signature="ApiRunner()[pri:0, instance:com.testing.TestRunner@388526fb]" started-at="2024-11-11T12:20:28 IST" name="ApiRunner" finished-at="2024-11-11T12:20:56 IST" depends-on-methods="com.testing.TestRunner.load_Properties" duration-ms="27723" status="PASS">
          <reporter-output>
          </reporter-output>
        </test-method> <!-- ApiRunner -->
        <test-method signature="signupCustomer()[pri:1, instance:com.testing.TestRunner@388526fb]" started-at="2024-11-11T12:20:56 IST" name="signupCustomer" finished-at="2024-11-11T12:22:54 IST" duration-ms="117996" status="PASS">
          <reporter-output>
          </reporter-output>
        </test-method> <!-- signupCustomer -->
        <test-method signature="Clear_Cache()[pri:2, instance:com.testing.TestRunner@388526fb]" started-at="2024-11-11T12:22:54 IST" name="Clear_Cache" finished-at="2024-11-11T12:23:05 IST" duration-ms="10422" status="PASS">
          <reporter-output>
          </reporter-output>
        </test-method> <!-- Clear_Cache -->
        <test-method signature="AdminLogin()[pri:3, instance:com.testing.TestRunner@388526fb]" started-at="2024-11-11T12:23:05 IST" name="AdminLogin" finished-at="2024-11-11T12:23:28 IST" duration-ms="23393" status="PASS">
          <reporter-output>
          </reporter-output>
        </test-method> <!-- AdminLogin -->
        <test-method signature="NewUserApproval()[pri:4, instance:com.testing.TestRunner@388526fb]" started-at="2024-11-11T12:23:28 IST" name="NewUserApproval" finished-at="2024-11-11T12:23:48 IST" duration-ms="19950" status="FAIL">
          <exception class="java.lang.Error">
            <message>
              <![CDATA[User not found]]>
            </message>
            <full-stacktrace>
              <![CDATA[java.lang.Error: User not found
at com.frontend.Admin_User.approveUserUsingSearch(Admin_User.java:200)
at com.testing.TestRunner.NewUserApproval(TestRunner.java:77)
at java.base/jdk.internal.reflect.NativeMethodAccessorImpl.invoke0(Native Method)
at java.base/jdk.internal.reflect.NativeMethodAccessorImpl.invoke(NativeMethodAccessorImpl.java:77)
at java.base/jdk.internal.reflect.DelegatingMethodAccessorImpl.invoke(DelegatingMethodAccessorImpl.java:43)
at java.base/java.lang.reflect.Method.invoke(Method.java:568)
at org.testng.internal.invokers.MethodInvocationHelper.invokeMethod(MethodInvocationHelper.java:139)
at org.testng.internal.invokers.TestInvoker.invokeMethod(TestInvoker.java:664)
at org.testng.internal.invokers.TestInvoker.invokeTestMethod(TestInvoker.java:228)
at org.testng.internal.invokers.MethodRunner.runInSequence(MethodRunner.java:63)
at org.testng.internal.invokers.TestInvoker$MethodInvocationAgent.invoke(TestInvoker.java:961)
at org.testng.internal.invokers.TestInvoker.invokeTestMethods(TestInvoker.java:201)
at org.testng.internal.invokers.TestMethodWorker.invokeTestMethods(TestMethodWorker.java:148)
at org.testng.internal.invokers.TestMethodWorker.run(TestMethodWorker.java:128)
at java.base/java.util.ArrayList.forEach(ArrayList.java:1511)
at org.testng.TestRunner.privateRun(TestRunner.java:819)
at org.testng.TestRunner.run(TestRunner.java:619)
at org.testng.SuiteRunner.runTest(SuiteRunner.java:443)
at org.testng.SuiteRunner.runSequentially(SuiteRunner.java:437)
at org.testng.SuiteRunner.privateRun(SuiteRunner.java:397)
at org.testng.SuiteRunner.run(SuiteRunner.java:336)
at org.testng.SuiteRunnerWorker.runSuite(SuiteRunnerWorker.java:52)
at org.testng.SuiteRunnerWorker.run(SuiteRunnerWorker.java:95)
at org.testng.TestNG.runSuitesSequentially(TestNG.java:1301)
at org.testng.TestNG.runSuitesLocally(TestNG.java:1228)
at org.testng.TestNG.runSuites(TestNG.java:1134)
at org.testng.TestNG.run(TestNG.java:1101)
at org.testng.remote.AbstractRemoteTestNG.run(AbstractRemoteTestNG.java:115)
at org.testng.remote.RemoteTestNG.initAndRun(RemoteTestNG.java:251)
at org.testng.remote.RemoteTestNG.main(RemoteTestNG.java:77)
]]>
            </full-stacktrace>
          </exception> <!-- java.lang.Error -->
          <reporter-output>
          </reporter-output>
        </test-method> <!-- NewUserApproval -->
        <test-method signature="CreateAdmin()[pri:5, instance:com.testing.TestRunner@388526fb]" started-at="2024-11-11T12:23:48 IST" name="CreateAdmin" finished-at="2024-11-11T12:24:48 IST" duration-ms="59576" status="PASS">
          <reporter-output>
          </reporter-output>
        </test-method> <!-- CreateAdmin -->
        <test-method signature="CreateStaff()[pri:6, instance:com.testing.TestRunner@388526fb]" started-at="2024-11-11T12:24:48 IST" name="CreateStaff" finished-at="2024-11-11T12:25:34 IST" duration-ms="46221" status="PASS">
          <reporter-output>
          </reporter-output>
        </test-method> <!-- CreateStaff -->
        <test-method signature="CreateTag()[pri:7, instance:com.testing.TestRunner@388526fb]" started-at="2024-11-11T12:25:34 IST" name="CreateTag" finished-at="2024-11-11T12:26:11 IST" duration-ms="37579" status="PASS">
          <reporter-output>
          </reporter-output>
        </test-method> <!-- CreateTag -->
        <test-method signature="CreateSlot()[pri:8, instance:com.testing.TestRunner@388526fb]" started-at="2024-11-11T12:26:11 IST" name="CreateSlot" finished-at="2024-11-11T12:28:53 IST" duration-ms="161236" status="PASS">
          <reporter-output>
          </reporter-output>
        </test-method> <!-- CreateSlot -->
        <test-method signature="ServiceCreation()[pri:9, instance:com.testing.TestRunner@388526fb]" started-at="2024-11-11T12:28:53 IST" name="ServiceCreation" finished-at="2024-11-11T12:31:46 IST" duration-ms="173767" status="PASS">
          <reporter-output>
          </reporter-output>
        </test-method> <!-- ServiceCreation -->
        <test-method signature="Logout_Admin()[pri:10, instance:com.testing.TestRunner@388526fb]" started-at="2024-11-11T12:31:46 IST" name="Logout_Admin" finished-at="2024-11-11T12:31:47 IST" duration-ms="1064" status="PASS">
          <reporter-output>
          </reporter-output>
        </test-method> <!-- Logout_Admin -->
        <test-method signature="Login_PredefinedCustomer()[pri:11, instance:com.testing.TestRunner@388526fb]" started-at="2024-11-11T12:31:47 IST" name="Login_PredefinedCustomer" finished-at="2024-11-11T12:31:57 IST" duration-ms="10101" status="PASS">
          <reporter-output>
          </reporter-output>
        </test-method> <!-- Login_PredefinedCustomer -->
        <test-method signature="BookingFlowCustomer()[pri:12, instance:com.testing.TestRunner@388526fb]" started-at="2024-11-11T12:31:58 IST" name="BookingFlowCustomer" finished-at="2024-11-11T12:33:01 IST" duration-ms="63562" status="FAIL">
          <exception class="org.openqa.selenium.NoSuchElementException">
            <message>
              <![CDATA[An element could not be located on the page using the given search parameters.
For documentation on this error, please visit: https://www.selenium.dev/documentation/webdriver/troubleshooting/errors#no-such-element-exception
Build info: version: '4.26.0', revision: '8ccf0219d7'
System info: os.name: 'Windows 11', os.arch: 'amd64', os.version: '10.0', java.version: '17.0.9'
Driver info: io.appium.java_client.android.AndroidDriver
Command: [9b552775-b48b-4b5e-b461-50231271b4cb, findElement {value=//android.view.View[@content-desc="Available"]/following-sibling::android.view.View/android.view.View, using=xpath}]
Capabilities {appium:appActivity: com.petcaretechnologies.app..., appium:appPackage: com.petcaretechnologies.app, appium:automationName: UiAutomator2, appium:databaseEnabled: false, appium:desired: {appActivity: com.petcaretechnologies.app..., appPackage: com.petcaretechnologies.app, automationName: UiAutomator2, deviceName: Pixel 6 Pro API 33, fullReset: false, newCommandTimeout: 100000, noReset: true, platformName: ANDROID, platformVersion: 13.0}, appium:deviceApiLevel: 33, appium:deviceManufacturer: Google, appium:deviceModel: sdk_gphone_x86_64, appium:deviceName: emulator-5554, appium:deviceScreenDensity: 560, appium:deviceScreenSize: 1440x3120, appium:deviceUDID: emulator-5554, appium:fullReset: false, appium:javascriptEnabled: true, appium:locationContextEnabled: false, appium:networkConnectionEnabled: true, appium:newCommandTimeout: 100000, appium:noReset: true, appium:pixelRatio: 3.5, appium:platformVersion: 13, appium:statBarHeight: 84, appium:takesScreenshot: true, appium:viewportRect: {height: 3036, left: 0, top: 84, width: 1440}, appium:warnings: {}, appium:webStorageEnabled: false, platformName: ANDROID}
Session ID: 9b552775-b48b-4b5e-b461-50231271b4cb]]>
            </message>
            <full-stacktrace>
              <![CDATA[org.openqa.selenium.NoSuchElementException: An element could not be located on the page using the given search parameters.
For documentation on this error, please visit: https://www.selenium.dev/documentation/webdriver/troubleshooting/errors#no-such-element-exception
Build info: version: '4.26.0', revision: '8ccf0219d7'
System info: os.name: 'Windows 11', os.arch: 'amd64', os.version: '10.0', java.version: '17.0.9'
Driver info: io.appium.java_client.android.AndroidDriver
Command: [9b552775-b48b-4b5e-b461-50231271b4cb, findElement {value=//android.view.View[@content-desc="Available"]/following-sibling::android.view.View/android.view.View, using=xpath}]
Capabilities {appium:appActivity: com.petcaretechnologies.app..., appium:appPackage: com.petcaretechnologies.app, appium:automationName: UiAutomator2, appium:databaseEnabled: false, appium:desired: {appActivity: com.petcaretechnologies.app..., appPackage: com.petcaretechnologies.app, automationName: UiAutomator2, deviceName: Pixel 6 Pro API 33, fullReset: false, newCommandTimeout: 100000, noReset: true, platformName: ANDROID, platformVersion: 13.0}, appium:deviceApiLevel: 33, appium:deviceManufacturer: Google, appium:deviceModel: sdk_gphone_x86_64, appium:deviceName: emulator-5554, appium:deviceScreenDensity: 560, appium:deviceScreenSize: 1440x3120, appium:deviceUDID: emulator-5554, appium:fullReset: false, appium:javascriptEnabled: true, appium:locationContextEnabled: false, appium:networkConnectionEnabled: true, appium:newCommandTimeout: 100000, appium:noReset: true, appium:pixelRatio: 3.5, appium:platformVersion: 13, appium:statBarHeight: 84, appium:takesScreenshot: true, appium:viewportRect: {height: 3036, left: 0, top: 84, width: 1440}, appium:warnings: {}, appium:webStorageEnabled: false, platformName: ANDROID}
Session ID: 9b552775-b48b-4b5e-b461-50231271b4cb
at jdk.internal.reflect.GeneratedConstructorAccessor38.newInstance(Unknown Source)
at java.base/jdk.internal.reflect.DelegatingConstructorAccessorImpl.newInstance(DelegatingConstructorAccessorImpl.java:45)
at java.base/java.lang.reflect.Constructor.newInstanceWithCaller(Constructor.java:499)
at java.base/java.lang.reflect.Constructor.newInstance(Constructor.java:480)
at org.openqa.selenium.remote.ErrorCodec.decode(ErrorCodec.java:167)
at org.openqa.selenium.remote.codec.w3c.W3CHttpResponseCodec.decode(W3CHttpResponseCodec.java:138)
at org.openqa.selenium.remote.codec.w3c.W3CHttpResponseCodec.decode(W3CHttpResponseCodec.java:50)
at org.openqa.selenium.remote.HttpCommandExecutor.execute(HttpCommandExecutor.java:190)
at io.appium.java_client.remote.AppiumCommandExecutor.execute(AppiumCommandExecutor.java:237)
at org.openqa.selenium.remote.RemoteWebDriver.execute(RemoteWebDriver.java:545)
at org.openqa.selenium.remote.ElementLocation$ElementFinder$2.findElement(ElementLocation.java:165)
at org.openqa.selenium.remote.ElementLocation.findElement(ElementLocation.java:59)
at org.openqa.selenium.remote.RemoteWebDriver.findElement(RemoteWebDriver.java:368)
at org.openqa.selenium.remote.RemoteWebDriver.findElement(RemoteWebDriver.java:362)
at org.openqa.selenium.support.pagefactory.DefaultElementLocator.findElement(DefaultElementLocator.java:68)
at org.openqa.selenium.support.pagefactory.internal.LocatingElementHandler.invoke(LocatingElementHandler.java:38)
at jdk.proxy2/jdk.proxy2.$Proxy21.getAttribute(Unknown Source)
at com.frontend.Customer_Bookingflow.booking(Customer_Bookingflow.java:157)
at com.testing.TestRunner.BookingFlowCustomer(TestRunner.java:142)
at java.base/jdk.internal.reflect.NativeMethodAccessorImpl.invoke0(Native Method)
at java.base/jdk.internal.reflect.NativeMethodAccessorImpl.invoke(NativeMethodAccessorImpl.java:77)
at java.base/jdk.internal.reflect.DelegatingMethodAccessorImpl.invoke(DelegatingMethodAccessorImpl.java:43)
at java.base/java.lang.reflect.Method.invoke(Method.java:568)
at org.testng.internal.invokers.MethodInvocationHelper.invokeMethod(MethodInvocationHelper.java:139)
at org.testng.internal.invokers.TestInvoker.invokeMethod(TestInvoker.java:664)
at org.testng.internal.invokers.TestInvoker.invokeTestMethod(TestInvoker.java:228)
at org.testng.internal.invokers.MethodRunner.runInSequence(MethodRunner.java:63)
at org.testng.internal.invokers.TestInvoker$MethodInvocationAgent.invoke(TestInvoker.java:961)
at org.testng.internal.invokers.TestInvoker.invokeTestMethods(TestInvoker.java:201)
at org.testng.internal.invokers.TestMethodWorker.invokeTestMethods(TestMethodWorker.java:148)
at org.testng.internal.invokers.TestMethodWorker.run(TestMethodWorker.java:128)
at java.base/java.util.ArrayList.forEach(ArrayList.java:1511)
at org.testng.TestRunner.privateRun(TestRunner.java:819)
at org.testng.TestRunner.run(TestRunner.java:619)
at org.testng.SuiteRunner.runTest(SuiteRunner.java:443)
at org.testng.SuiteRunner.runSequentially(SuiteRunner.java:437)
at org.testng.SuiteRunner.privateRun(SuiteRunner.java:397)
at org.testng.SuiteRunner.run(SuiteRunner.java:336)
at org.testng.SuiteRunnerWorker.runSuite(SuiteRunnerWorker.java:52)
at org.testng.SuiteRunnerWorker.run(SuiteRunnerWorker.java:95)
at org.testng.TestNG.runSuitesSequentially(TestNG.java:1301)
at org.testng.TestNG.runSuitesLocally(TestNG.java:1228)
at org.testng.TestNG.runSuites(TestNG.java:1134)
at org.testng.TestNG.run(TestNG.java:1101)
at org.testng.remote.AbstractRemoteTestNG.run(AbstractRemoteTestNG.java:115)
at org.testng.remote.RemoteTestNG.initAndRun(RemoteTestNG.java:251)
at org.testng.remote.RemoteTestNG.main(RemoteTestNG.java:77)
]]>
            </full-stacktrace>
          </exception> <!-- org.openqa.selenium.NoSuchElementException -->
          <reporter-output>
          </reporter-output>
        </test-method> <!-- BookingFlowCustomer -->
      </class> <!-- com.testing.TestRunner -->
    </test> <!-- Default test -->
  </suite> <!-- Default suite -->
</testng-results>
